{"/Users/yakovrakhamimov/dev/senzu-shuffle/src/index.ts": {"path":"/Users/yakovrakhamimov/dev/senzu-shuffle/src/index.ts","all":false,"statementMap":{"0":{"start":{"line":1,"column":0},"end":{"line":1,"column":36}},"13":{"start":{"line":14,"column":0},"end":{"line":14,"column":62}},"14":{"start":{"line":15,"column":0},"end":{"line":15,"column":42}},"15":{"start":{"line":16,"column":0},"end":{"line":16,"column":55}},"16":{"start":{"line":17,"column":0},"end":{"line":17,"column":3}},"17":{"start":{"line":18,"column":0},"end":{"line":18,"column":30}},"18":{"start":{"line":19,"column":0},"end":{"line":19,"column":56}},"19":{"start":{"line":20,"column":0},"end":{"line":20,"column":3}},"21":{"start":{"line":22,"column":0},"end":{"line":22,"column":30}},"22":{"start":{"line":23,"column":0},"end":{"line":23,"column":49}},"25":{"start":{"line":26,"column":0},"end":{"line":26,"column":49}},"26":{"start":{"line":27,"column":0},"end":{"line":27,"column":49}},"27":{"start":{"line":28,"column":0},"end":{"line":28,"column":49}},"28":{"start":{"line":29,"column":0},"end":{"line":29,"column":60}},"29":{"start":{"line":30,"column":0},"end":{"line":30,"column":3}},"31":{"start":{"line":32,"column":0},"end":{"line":32,"column":18}},"32":{"start":{"line":33,"column":0},"end":{"line":33,"column":2}}},"s":{"0":1,"13":1,"14":14,"15":4,"16":4,"17":14,"18":3,"19":3,"21":7,"22":7,"25":14,"26":21,"27":21,"28":21,"29":21,"31":7,"32":7},"branchMap":{"0":{"type":"branch","line":14,"loc":{"start":{"line":14,"column":23},"end":{"line":33,"column":2}},"locations":[{"start":{"line":14,"column":23},"end":{"line":33,"column":2}}]},"1":{"type":"branch","line":15,"loc":{"start":{"line":15,"column":7},"end":{"line":15,"column":41}},"locations":[{"start":{"line":15,"column":7},"end":{"line":15,"column":41}}]},"2":{"type":"branch","line":15,"loc":{"start":{"line":15,"column":41},"end":{"line":17,"column":3}},"locations":[{"start":{"line":15,"column":41},"end":{"line":17,"column":3}}]},"3":{"type":"branch","line":17,"loc":{"start":{"line":17,"column":2},"end":{"line":18,"column":29}},"locations":[{"start":{"line":17,"column":2},"end":{"line":18,"column":29}}]},"4":{"type":"branch","line":18,"loc":{"start":{"line":18,"column":29},"end":{"line":20,"column":3}},"locations":[{"start":{"line":18,"column":29},"end":{"line":20,"column":3}}]},"5":{"type":"branch","line":20,"loc":{"start":{"line":20,"column":2},"end":{"line":26,"column":48}},"locations":[{"start":{"line":20,"column":2},"end":{"line":26,"column":48}}]},"6":{"type":"branch","line":26,"loc":{"start":{"line":26,"column":48},"end":{"line":30,"column":3}},"locations":[{"start":{"line":26,"column":48},"end":{"line":30,"column":3}}]},"7":{"type":"branch","line":30,"loc":{"start":{"line":30,"column":2},"end":{"line":33,"column":2}},"locations":[{"start":{"line":30,"column":2},"end":{"line":33,"column":2}}]}},"b":{"0":[14],"1":[11],"2":[4],"3":[10],"4":[3],"5":[7],"6":[21],"7":[7]},"fnMap":{"0":{"name":"shuffle","decl":{"start":{"line":14,"column":23},"end":{"line":33,"column":2}},"loc":{"start":{"line":14,"column":23},"end":{"line":33,"column":2}},"line":14}},"f":{"0":14}}
}
